https://slackware.uk/slackware/slackware64-15.0/slackware64/x/xorg-server-1.20.14-x86_64-2.txz
https://slackware.uk/slackware/slackware64-15.0/slackware64/x/xinit-1.4.1-x86_64-4.txz
https://slackware.uk/slackware/slackware64-15.0/slackware64/x/libxcb-1.14-x86_64-3.txz
https://slackware.uk/slackware/slackware64-15.0/slackware64/x/libXau-1.0.9-x86_64-3.txz
https://slackware.uk/slackware/slackware64-15.0/slackware64/x/libXdmcp-1.1.3-x86_64-3.txz
https://slackware.uk/slackware/slackware64-15.0/slackware64/n/nettle-3.7.3-x86_64-1.txz
https://slackware.uk/slackware/slackware64-15.0/slackware64/x/libdrm-2.4.109-x86_64-1.txz
https://slackware.uk/slackware/slackware64-15.0/slackware64/x/libXfont2-2.0.5-x86_64-1.txz
https://slackware.uk/slackware/slackware64-15.0/slackware64/l/harfbuzz-3.2.0-x86_64-1.txz
https://slackware.uk/slackware/slackware64-15.0/slackware64/l/freetype-2.11.1-x86_64-1.txz
https://slackware.uk/slackware/slackware64-15.0/slackware64/x/libfontenc-1.1.4-x86_64-3.txz
https://slackware.uk/slackware/slackware64-15.0/slackware64/x/libxshmfence-1.3-x86_64-4.txz
https://slackware.uk/slackware/slackware64-15.0/slackware64/x/xkeyboard-config-2.34-noarch-1.txz
https://slackware.uk/slackware/slackware64-15.0/slackware64/x/xkbcomp-1.4.5-x86_64-1.txz
https://slackware.uk/slackware/slackware64-15.0/slackware64/x/libxkbfile-1.1.0-x86_64-3.txz
https://slackware.uk/slackware/slackware64-15.0/slackware64/x/xterm-370-x86_64-7.txz
https://slackware.uk/slackware/slackware64-15.0/slackware64/x/libXft-2.3.4-x86_64-1.txz
https://slackware.uk/slackware/slackware64-15.0/slackware64/x/fontconfig-2.13.92-x86_64-3.txz
https://slackware.uk/slackware/slackware64-15.0/slackware64/x/libXaw-1.0.14-x86_64-1.txz
https://slackware.uk/slackware/slackware64-15.0/slackware64/x/libXmu-1.1.3-x86_64-3.txz
https://slackware.uk/slackware/slackware64-15.0/slackware64/x/libXt-1.2.1-x86_64-2.txz
https://slackware.uk/slackware/slackware64-15.0/slackware64/x/libXinerama-1.1.4-x86_64-3.txz
https://slackware.uk/slackware/slackware64-15.0/slackware64/x/libXpm-3.5.13-x86_64-3.txz
https://slackware.uk/slackware/slackware64-15.0/slackware64/x/libICE-1.0.10-x86_64-3.txz
https://slackware.uk/slackware/slackware64-15.0/slackware64/x/libXrender-0.9.10-x86_64-4.txz
https://slackware.uk/slackware/slackware64-15.0/slackware64/x/libXext-1.3.4-x86_64-3.txz
https://slackware.uk/slackware/slackware64-15.0/slackware64/x/libSM-1.2.3-x86_64-3.txz
https://slackware.uk/slackware/slackware64-15.0/slackware64/l/gtk+2-2.24.33-x86_64-2.txz
https://slackware.uk/slackware/slackware64-15.0/slackware64/l/atk-2.36.0-x86_64-3.txz
https://slackware.uk/slackware/slackware64-15.0/slackware64/l/gdk-pixbuf2-2.42.6-x86_64-1.txz
https://slackware.uk/slackware/slackware64-15.0/slackware64/l/pango-1.48.11-x86_64-1.txz
https://slackware.uk/slackware/slackware64-15.0/slackware64/x/libXi-1.8-x86_64-1.txz
https://slackware.uk/slackware/slackware64-15.0/slackware64/x/libXrandr-1.5.2-x86_64-3.txz
https://slackware.uk/slackware/slackware64-15.0/slackware64/x/libXcursor-1.2.0-x86_64-3.txz
https://slackware.uk/slackware/slackware64-15.0/slackware64/x/libXcomposite-0.4.5-x86_64-3.txz
https://slackware.uk/slackware/slackware64-15.0/slackware64/l/cairo-1.16.0-x86_64-3.txz
https://slackware.uk/slackware/slackware64-15.0/slackware64/x/mesa-21.3.5-x86_64-2.txz
https://slackware.uk/slackware/slackware64-15.0/slackware64/x/libXdamage-1.1.5-x86_64-3.txz
https://slackware.uk/slackware/slackware64-15.0/slackware64/x/libXv-1.0.11-x86_64-4.txz
https://slackware.uk/slackware/slackware64-15.0/slackware64/x/libXfixes-6.0.0-x86_64-1.txz
https://slackware.uk/slackware/slackware64-15.0/slackware64/x/libXxf86vm-1.1.4-x86_64-5.txz
https://slackware.uk/slackware/slackware64-15.0/slackware64/d/gdb-11.2-x86_64-1.txz
https://slackware.uk/slackware/slackware64-15.0/slackware64/d/python2-2.7.18-x86_64-4.txz
https://slackware.uk/slackware/slackware64-15.0/slackware64/x/libX11-1.7.3.1-x86_64-1.txz
https://slackware.uk/slackware/slackware64-15.0/slackware64/l/graphite2-1.3.14-x86_64-3.txz
https://slackware.uk/slackware/slackware64-15.0/slackware64/l/fribidi-1.0.11-x86_64-1.txz